<?xml version="1.0" encoding="UTF-8"?>
<!-- Generated by org.testng.reporters.JUnitXMLReporter -->
<testsuite ignored="0" hostname="DESKTOP-S7SOFT1" failures="1" tests="5" name="Test" time="47.205" errors="0" timestamp="2022-08-26T13:51:03 IST">
  <testcase classname="com.qa.pagetests.HomePageTest" name="verifyHomePageTitle" time="0.158"/>
  <testcase classname="com.qa.pagetests.HomePageTest" name="verifyLoginBtnFunctionality" time="1.477"/>
  <testcase classname="com.qa.pagetests.LoginPageTest" name="verifyLogin" time="3.353"/>
  <testcase classname="com.qa.pagetests.HomePageTest" name="verifyPageSource" time="0.123">
    <failure type="java.lang.AssertionError" message="expected [true] but found [false]">
      <![CDATA[java.lang.AssertionError: expected [true] but found [false]
at com.qa.pagetests.HomePageTest.verifyPageSource(HomePageTest.java:30)
at java.base/java.util.ArrayList.forEach(ArrayList.java:1511)
... Removed 33 stack frames]]>
    </failure>
  </testcase> <!-- verifyPageSource -->
  <testcase classname="com.qa.pagetests.HomePageTest" name="verifyRegisterBtnFunctionality" time="1.327"/>
</testsuite> <!-- Test -->
