<?xml version="1.0" encoding="UTF-8"?>
<testng-results ignored="0" total="5" passed="4" failed="1" skipped="0">
  <reporter-output>
  </reporter-output>
  <suite started-at="2022-08-26T13:50:16 IST" name="Suite" finished-at="2022-08-26T13:51:03 IST" duration-ms="47205">
    <groups>
    </groups>
    <test started-at="2022-08-26T13:50:16 IST" name="Test" finished-at="2022-08-26T13:51:03 IST" duration-ms="47205">
      <class name="com.qa.pagetests.HomePageTest">
        <test-method is-config="true" signature="setUp(java.lang.String)[pri:0, instance:com.qa.pagetests.HomePageTest@79c97cb]" started-at="2022-08-26T13:50:16 IST" name="setUp" finished-at="2022-08-26T13:50:26 IST" duration-ms="10368" status="PASS">
          <params>
            <param index="0">
              <value>
                <![CDATA[chrome]]>
              </value>
            </param>
          </params>
          <reporter-output>
          </reporter-output>
        </test-method> <!-- setUp -->
        <test-method signature="verifyHomePageTitle()[pri:0, instance:com.qa.pagetests.HomePageTest@79c97cb]" started-at="2022-08-26T13:50:26 IST" name="verifyHomePageTitle" finished-at="2022-08-26T13:50:27 IST" duration-ms="158" status="PASS">
          <reporter-output>
          </reporter-output>
        </test-method> <!-- verifyHomePageTitle -->
        <test-method is-config="true" signature="tearDown()[pri:0, instance:com.qa.pagetests.HomePageTest@79c97cb]" started-at="2022-08-26T13:50:27 IST" name="tearDown" finished-at="2022-08-26T13:50:27 IST" duration-ms="1" status="PASS">
          <reporter-output>
          </reporter-output>
        </test-method> <!-- tearDown -->
        <test-method is-config="true" signature="setUp(java.lang.String)[pri:0, instance:com.qa.pagetests.HomePageTest@79c97cb]" started-at="2022-08-26T13:50:27 IST" name="setUp" finished-at="2022-08-26T13:50:34 IST" duration-ms="7560" status="PASS">
          <params>
            <param index="0">
              <value>
                <![CDATA[chrome]]>
              </value>
            </param>
          </params>
          <reporter-output>
          </reporter-output>
        </test-method> <!-- setUp -->
        <test-method signature="verifyLoginBtnFunctionality()[pri:0, instance:com.qa.pagetests.HomePageTest@79c97cb]" started-at="2022-08-26T13:50:34 IST" name="verifyLoginBtnFunctionality" finished-at="2022-08-26T13:50:36 IST" duration-ms="1477" status="PASS">
          <reporter-output>
          </reporter-output>
        </test-method> <!-- verifyLoginBtnFunctionality -->
        <test-method is-config="true" signature="tearDown()[pri:0, instance:com.qa.pagetests.HomePageTest@79c97cb]" started-at="2022-08-26T13:50:36 IST" name="tearDown" finished-at="2022-08-26T13:50:36 IST" duration-ms="2" status="PASS">
          <reporter-output>
          </reporter-output>
        </test-method> <!-- tearDown -->
        <test-method is-config="true" signature="setUp(java.lang.String)[pri:0, instance:com.qa.pagetests.HomePageTest@79c97cb]" started-at="2022-08-26T13:50:47 IST" name="setUp" finished-at="2022-08-26T13:50:54 IST" duration-ms="7362" status="PASS">
          <params>
            <param index="0">
              <value>
                <![CDATA[chrome]]>
              </value>
            </param>
          </params>
          <reporter-output>
          </reporter-output>
        </test-method> <!-- setUp -->
        <test-method signature="verifyPageSource()[pri:1, instance:com.qa.pagetests.HomePageTest@79c97cb]" started-at="2022-08-26T13:50:54 IST" name="verifyPageSource" description="Written by Suraj" finished-at="2022-08-26T13:50:54 IST" duration-ms="123" status="FAIL">
          <exception class="java.lang.AssertionError">
            <message>
              <![CDATA[expected [true] but found [false]]]>
            </message>
            <full-stacktrace>
              <![CDATA[java.lang.AssertionError: expected [true] but found [false]
at org.testng.Assert.fail(Assert.java:97)
at org.testng.Assert.failNotEquals(Assert.java:969)
at org.testng.Assert.assertTrue(Assert.java:43)
at org.testng.Assert.assertTrue(Assert.java:53)
at com.qa.pagetests.HomePageTest.verifyPageSource(HomePageTest.java:30)
at java.base/jdk.internal.reflect.DirectMethodHandleAccessor.invoke(DirectMethodHandleAccessor.java:104)
at java.base/java.lang.reflect.Method.invoke(Method.java:577)
at org.testng.internal.MethodInvocationHelper.invokeMethod(MethodInvocationHelper.java:134)
at org.testng.internal.TestInvoker.invokeMethod(TestInvoker.java:597)
at org.testng.internal.TestInvoker.invokeTestMethod(TestInvoker.java:173)
at org.testng.internal.MethodRunner.runInSequence(MethodRunner.java:46)
at org.testng.internal.TestInvoker$MethodInvocationAgent.invoke(TestInvoker.java:816)
at org.testng.internal.TestInvoker.invokeTestMethods(TestInvoker.java:146)
at org.testng.internal.TestMethodWorker.invokeTestMethods(TestMethodWorker.java:146)
at org.testng.internal.TestMethodWorker.run(TestMethodWorker.java:128)
at java.base/java.util.ArrayList.forEach(ArrayList.java:1511)
at org.testng.TestRunner.privateRun(TestRunner.java:766)
at org.testng.TestRunner.run(TestRunner.java:587)
at org.testng.SuiteRunner.runTest(SuiteRunner.java:384)
at org.testng.SuiteRunner.runSequentially(SuiteRunner.java:378)
at org.testng.SuiteRunner.privateRun(SuiteRunner.java:337)
at org.testng.SuiteRunner.run(SuiteRunner.java:286)
at org.testng.SuiteRunnerWorker.runSuite(SuiteRunnerWorker.java:53)
at org.testng.SuiteRunnerWorker.run(SuiteRunnerWorker.java:96)
at org.testng.TestNG.runSuitesSequentially(TestNG.java:1187)
at org.testng.TestNG.runSuitesLocally(TestNG.java:1109)
at org.testng.TestNG.runSuites(TestNG.java:1039)
at org.testng.TestNG.run(TestNG.java:1007)
at org.apache.maven.surefire.testng.TestNGExecutor.run(TestNGExecutor.java:324)
at org.apache.maven.surefire.testng.TestNGXmlTestSuite.execute(TestNGXmlTestSuite.java:74)
at org.apache.maven.surefire.testng.TestNGProvider.invoke(TestNGProvider.java:123)
at org.apache.maven.surefire.booter.ForkedBooter.runSuitesInProcess(ForkedBooter.java:456)
at org.apache.maven.surefire.booter.ForkedBooter.execute(ForkedBooter.java:169)
at org.apache.maven.surefire.booter.ForkedBooter.run(ForkedBooter.java:595)
at org.apache.maven.surefire.booter.ForkedBooter.main(ForkedBooter.java:581)
]]>
            </full-stacktrace>
          </exception> <!-- java.lang.AssertionError -->
          <reporter-output>
          </reporter-output>
        </test-method> <!-- verifyPageSource -->
        <test-method is-config="true" signature="tearDown()[pri:0, instance:com.qa.pagetests.HomePageTest@79c97cb]" started-at="2022-08-26T13:50:54 IST" name="tearDown" finished-at="2022-08-26T13:50:54 IST" duration-ms="1" status="PASS">
          <reporter-output>
          </reporter-output>
        </test-method> <!-- tearDown -->
        <test-method is-config="true" signature="setUp(java.lang.String)[pri:0, instance:com.qa.pagetests.HomePageTest@79c97cb]" started-at="2022-08-26T13:50:54 IST" name="setUp" finished-at="2022-08-26T13:51:02 IST" duration-ms="7330" status="PASS">
          <params>
            <param index="0">
              <value>
                <![CDATA[chrome]]>
              </value>
            </param>
          </params>
          <reporter-output>
          </reporter-output>
        </test-method> <!-- setUp -->
        <test-method signature="verifyRegisterBtnFunctionality()[pri:2, instance:com.qa.pagetests.HomePageTest@79c97cb]" started-at="2022-08-26T13:51:02 IST" name="verifyRegisterBtnFunctionality" finished-at="2022-08-26T13:51:03 IST" duration-ms="1327" status="PASS">
          <reporter-output>
          </reporter-output>
        </test-method> <!-- verifyRegisterBtnFunctionality -->
        <test-method is-config="true" signature="tearDown()[pri:0, instance:com.qa.pagetests.HomePageTest@79c97cb]" started-at="2022-08-26T13:51:03 IST" name="tearDown" finished-at="2022-08-26T13:51:03 IST" duration-ms="1" status="PASS">
          <reporter-output>
          </reporter-output>
        </test-method> <!-- tearDown -->
      </class> <!-- com.qa.pagetests.HomePageTest -->
      <class name="com.qa.pagetests.LoginPageTest">
        <test-method is-config="true" signature="setUp(java.lang.String)[pri:0, instance:com.qa.pagetests.LoginPageTest@2d9caaeb]" started-at="2022-08-26T13:50:36 IST" name="setUp" finished-at="2022-08-26T13:50:43 IST" duration-ms="7794" status="PASS">
          <params>
            <param index="0">
              <value>
                <![CDATA[chrome]]>
              </value>
            </param>
          </params>
          <reporter-output>
          </reporter-output>
        </test-method> <!-- setUp -->
        <test-method signature="verifyLogin()[pri:0, instance:com.qa.pagetests.LoginPageTest@2d9caaeb]" started-at="2022-08-26T13:50:43 IST" name="verifyLogin" finished-at="2022-08-26T13:50:47 IST" duration-ms="3353" status="PASS">
          <reporter-output>
          </reporter-output>
        </test-method> <!-- verifyLogin -->
        <test-method is-config="true" signature="tearDown()[pri:0, instance:com.qa.pagetests.LoginPageTest@2d9caaeb]" started-at="2022-08-26T13:50:47 IST" name="tearDown" finished-at="2022-08-26T13:50:47 IST" duration-ms="1" status="PASS">
          <reporter-output>
          </reporter-output>
        </test-method> <!-- tearDown -->
      </class> <!-- com.qa.pagetests.LoginPageTest -->
    </test> <!-- Test -->
  </suite> <!-- Suite -->
</testng-results>
